<?xml version="1.0" encoding="UTF-8"?>
<testsuite name="pl.czerwonka.news.NewsTest" tests="1" skipped="0" failures="0" errors="0" timestamp="2022-03-31T16:14:48" hostname="DESKTOP-1CBD4VP" time="0.447">
  <properties/>
  <testcase name="testReadArticles()" classname="pl.czerwonka.news.NewsTest" time="0.447"/>
  <system-out><![CDATA[]]></system-out>
  <system-err><![CDATA[]]></system-err>
</testsuite>
